2017-04-25 16:02:44,494 -- INFO -- ERREUR : requête viole contrainte d'intégrité de la BDD : insert into Etat (etat) values (?)
2017-04-25 16:02:44,494 -- INFO -- ERREUR : requête viole contrainte d'intégrité de la BDD : insert into Etat (etat) values (?)
2017-04-25 16:02:44,494 -- INFO -- ERREUR : requête viole contrainte d'intégrité de la BDD : insert into Etat (etat) values (?)
2017-04-25 16:02:44,494 -- INFO -- ERREUR : requête viole contrainte d'intégrité de la BDD : insert into Etat (etat) values (?)
2017-04-25 16:02:44,495 -- INFO -- ERREUR : requête viole contrainte d'intégrité de la BDD : insert into Statut (statut) values (?)
2017-04-25 16:02:44,495 -- INFO -- ERREUR : requête viole contrainte d'intégrité de la BDD : insert into Statut (statut) values (?)
2017-04-25 16:02:44,495 -- INFO -- ERREUR : requête viole contrainte d'intégrité de la BDD : insert into Statut (statut) values (?)
2017-04-25 16:02:44,495 -- INFO -- ERREUR : requête viole contrainte d'intégrité de la BDD : insert into Agence (nom) values (?)
2017-04-25 16:02:44,495 -- INFO -- ERREUR : requête viole contrainte d'intégrité de la BDD : insert into Agence (nom) values (?)
2017-04-25 16:02:44,495 -- INFO -- ERREUR : requête viole contrainte d'intégrité de la BDD : insert into Agence (nom) values (?)
2017-04-25 16:02:44,495 -- INFO -- ERREUR : requête viole contrainte d'intégrité de la BDD : insert into Agence (nom) values (?)
2017-04-25 16:02:44,495 -- INFO -- ERREUR : requête viole contrainte d'intégrité de la BDD : insert into Agence (nom) values (?)
2017-04-25 16:02:44,495 -- INFO -- ERREUR : requête viole contrainte d'intégrité de la BDD : insert into Agence (nom) values (?)
2017-04-25 16:02:44,496 -- INFO -- ERREUR : requête viole contrainte d'intégrité de la BDD : insert into Voiture (immatriculation,type,modele,kilometrage,annee_de_creation,nb_places,boite_vitesse_auto,agence,etat) values (?,?,?,?,?,?,?,?,?)
2017-04-25 16:02:44,496 -- INFO -- ERREUR : requête viole contrainte d'intégrité de la BDD : insert into Voiture (immatriculation,type,modele,kilometrage,annee_de_creation,nb_places,boite_vitesse_auto,agence,etat) values (?,?,?,?,?,?,?,?,?)
2017-04-25 16:02:44,496 -- INFO -- ERREUR : requête viole contrainte d'intégrité de la BDD : insert into Voiture (immatriculation,type,modele,kilometrage,annee_de_creation,nb_places,boite_vitesse_auto,agence,etat) values (?,?,?,?,?,?,?,?,?)
2017-04-25 16:02:44,496 -- INFO -- ERREUR : requête viole contrainte d'intégrité de la BDD : insert into Voiture (immatriculation,type,modele,kilometrage,annee_de_creation,nb_places,boite_vitesse_auto,agence,etat) values (?,?,?,?,?,?,?,?,?)
2017-04-25 16:02:44,496 -- INFO -- ERREUR : requête viole contrainte d'intégrité de la BDD : insert into Voiture (immatriculation,type,modele,kilometrage,annee_de_creation,nb_places,boite_vitesse_auto,agence,etat) values (?,?,?,?,?,?,?,?,?)
2017-04-25 16:02:44,496 -- INFO -- ERREUR : requête viole contrainte d'intégrité de la BDD : insert into Employe (nom,prenom,agence,statut) values (?,?,?,?)
2017-04-25 16:02:44,496 -- INFO -- ERREUR : requête viole contrainte d'intégrité de la BDD : insert into Employe (nom,prenom,agence,statut) values (?,?,?,?)
2017-04-25 16:02:44,496 -- INFO -- ERREUR : requête viole contrainte d'intégrité de la BDD : insert into Employe (nom,prenom,agence,statut) values (?,?,?,?)
2017-04-25 16:02:44,496 -- INFO -- ERREUR : requête viole contrainte d'intégrité de la BDD : insert into Employe (nom,prenom,agence,statut) values (?,?,?,?)
2017-04-25 16:11:24,461 -- INFO -- ERREUR : requête non conforme create table if not exists Trajet (numero_trajet integer primary key autoincrement,
                                                    date_debut real,
                                                    date_fin real,
                                                    distance integer,
                                                    lieu_depart text,
                                                    lieu_arrivee text,
                                                    client text,
                                                    voiture text,
                                                    foreign key(lieu_depart) references Agence(nom),
                                                    foreign key(lieu_arrivee) references Agence(nom),
                                                    foreign key(client) references Client(num_client),
                                                    foreign key(voiture) references Voiture(immatriculation),
                                                    cout integer)
2017-04-25 16:11:24,461 -- INFO -- ERREUR : requête viole contrainte d'intégrité de la BDD : insert into Etat (etat) values (?)
2017-04-25 16:11:24,461 -- INFO -- ERREUR : requête viole contrainte d'intégrité de la BDD : insert into Etat (etat) values (?)
2017-04-25 16:11:24,461 -- INFO -- ERREUR : requête viole contrainte d'intégrité de la BDD : insert into Etat (etat) values (?)
2017-04-25 16:11:24,461 -- INFO -- ERREUR : requête viole contrainte d'intégrité de la BDD : insert into Etat (etat) values (?)
2017-04-25 16:11:24,462 -- INFO -- ERREUR : requête viole contrainte d'intégrité de la BDD : insert into Statut (statut) values (?)
2017-04-25 16:11:24,462 -- INFO -- ERREUR : requête viole contrainte d'intégrité de la BDD : insert into Statut (statut) values (?)
2017-04-25 16:11:24,462 -- INFO -- ERREUR : requête viole contrainte d'intégrité de la BDD : insert into Statut (statut) values (?)
2017-04-25 16:11:24,462 -- INFO -- ERREUR : requête viole contrainte d'intégrité de la BDD : insert into Agence (nom) values (?)
2017-04-25 16:11:24,462 -- INFO -- ERREUR : requête viole contrainte d'intégrité de la BDD : insert into Agence (nom) values (?)
2017-04-25 16:11:24,462 -- INFO -- ERREUR : requête viole contrainte d'intégrité de la BDD : insert into Agence (nom) values (?)
2017-04-25 16:11:24,462 -- INFO -- ERREUR : requête viole contrainte d'intégrité de la BDD : insert into Agence (nom) values (?)
2017-04-25 16:11:24,462 -- INFO -- ERREUR : requête viole contrainte d'intégrité de la BDD : insert into Agence (nom) values (?)
2017-04-25 16:11:24,462 -- INFO -- ERREUR : requête viole contrainte d'intégrité de la BDD : insert into Agence (nom) values (?)
2017-04-25 16:11:24,462 -- INFO -- ERREUR : requête viole contrainte d'intégrité de la BDD : insert into Voiture (immatriculation,type,modele,kilometrage,annee_de_creation,nb_places,boite_vitesse_auto,agence,etat) values (?,?,?,?,?,?,?,?,?)
2017-04-25 16:11:24,463 -- INFO -- ERREUR : requête viole contrainte d'intégrité de la BDD : insert into Voiture (immatriculation,type,modele,kilometrage,annee_de_creation,nb_places,boite_vitesse_auto,agence,etat) values (?,?,?,?,?,?,?,?,?)
2017-04-25 16:11:24,463 -- INFO -- ERREUR : requête viole contrainte d'intégrité de la BDD : insert into Voiture (immatriculation,type,modele,kilometrage,annee_de_creation,nb_places,boite_vitesse_auto,agence,etat) values (?,?,?,?,?,?,?,?,?)
2017-04-25 16:11:24,463 -- INFO -- ERREUR : requête viole contrainte d'intégrité de la BDD : insert into Voiture (immatriculation,type,modele,kilometrage,annee_de_creation,nb_places,boite_vitesse_auto,agence,etat) values (?,?,?,?,?,?,?,?,?)
2017-04-25 16:11:24,463 -- INFO -- ERREUR : requête viole contrainte d'intégrité de la BDD : insert into Voiture (immatriculation,type,modele,kilometrage,annee_de_creation,nb_places,boite_vitesse_auto,agence,etat) values (?,?,?,?,?,?,?,?,?)
2017-04-25 16:11:24,463 -- INFO -- ERREUR : requête viole contrainte d'intégrité de la BDD : insert into Employe (nom,prenom,agence,statut) values (?,?,?,?)
2017-04-25 16:11:24,463 -- INFO -- ERREUR : requête viole contrainte d'intégrité de la BDD : insert into Employe (nom,prenom,agence,statut) values (?,?,?,?)
2017-04-25 16:11:24,463 -- INFO -- ERREUR : requête viole contrainte d'intégrité de la BDD : insert into Employe (nom,prenom,agence,statut) values (?,?,?,?)
2017-04-25 16:11:24,463 -- INFO -- ERREUR : requête viole contrainte d'intégrité de la BDD : insert into Employe (nom,prenom,agence,statut) values (?,?,?,?)
2017-04-25 16:11:44,862 -- INFO -- ERREUR : requête viole contrainte d'intégrité de la BDD : insert into Etat (etat) values (?)
2017-04-25 16:11:44,862 -- INFO -- ERREUR : requête viole contrainte d'intégrité de la BDD : insert into Etat (etat) values (?)
2017-04-25 16:11:44,862 -- INFO -- ERREUR : requête viole contrainte d'intégrité de la BDD : insert into Etat (etat) values (?)
2017-04-25 16:11:44,862 -- INFO -- ERREUR : requête viole contrainte d'intégrité de la BDD : insert into Etat (etat) values (?)
2017-04-25 16:11:44,863 -- INFO -- ERREUR : requête viole contrainte d'intégrité de la BDD : insert into Statut (statut) values (?)
2017-04-25 16:11:44,863 -- INFO -- ERREUR : requête viole contrainte d'intégrité de la BDD : insert into Statut (statut) values (?)
2017-04-25 16:11:44,863 -- INFO -- ERREUR : requête viole contrainte d'intégrité de la BDD : insert into Statut (statut) values (?)
2017-04-25 16:11:44,863 -- INFO -- ERREUR : requête viole contrainte d'intégrité de la BDD : insert into Agence (nom) values (?)
2017-04-25 16:11:44,863 -- INFO -- ERREUR : requête viole contrainte d'intégrité de la BDD : insert into Agence (nom) values (?)
2017-04-25 16:11:44,863 -- INFO -- ERREUR : requête viole contrainte d'intégrité de la BDD : insert into Agence (nom) values (?)
2017-04-25 16:11:44,863 -- INFO -- ERREUR : requête viole contrainte d'intégrité de la BDD : insert into Agence (nom) values (?)
2017-04-25 16:11:44,863 -- INFO -- ERREUR : requête viole contrainte d'intégrité de la BDD : insert into Agence (nom) values (?)
2017-04-25 16:11:44,863 -- INFO -- ERREUR : requête viole contrainte d'intégrité de la BDD : insert into Agence (nom) values (?)
2017-04-25 16:11:44,863 -- INFO -- ERREUR : requête viole contrainte d'intégrité de la BDD : insert into Voiture (immatriculation,type,modele,kilometrage,annee_de_creation,nb_places,boite_vitesse_auto,agence,etat) values (?,?,?,?,?,?,?,?,?)
2017-04-25 16:11:44,864 -- INFO -- ERREUR : requête viole contrainte d'intégrité de la BDD : insert into Voiture (immatriculation,type,modele,kilometrage,annee_de_creation,nb_places,boite_vitesse_auto,agence,etat) values (?,?,?,?,?,?,?,?,?)
2017-04-25 16:11:44,864 -- INFO -- ERREUR : requête viole contrainte d'intégrité de la BDD : insert into Voiture (immatriculation,type,modele,kilometrage,annee_de_creation,nb_places,boite_vitesse_auto,agence,etat) values (?,?,?,?,?,?,?,?,?)
2017-04-25 16:11:44,864 -- INFO -- ERREUR : requête viole contrainte d'intégrité de la BDD : insert into Voiture (immatriculation,type,modele,kilometrage,annee_de_creation,nb_places,boite_vitesse_auto,agence,etat) values (?,?,?,?,?,?,?,?,?)
2017-04-25 16:11:44,864 -- INFO -- ERREUR : requête viole contrainte d'intégrité de la BDD : insert into Voiture (immatriculation,type,modele,kilometrage,annee_de_creation,nb_places,boite_vitesse_auto,agence,etat) values (?,?,?,?,?,?,?,?,?)
2017-04-25 16:11:44,864 -- INFO -- ERREUR : requête viole contrainte d'intégrité de la BDD : insert into Employe (nom,prenom,agence,statut) values (?,?,?,?)
2017-04-25 16:11:44,865 -- INFO -- ERREUR : requête viole contrainte d'intégrité de la BDD : insert into Employe (nom,prenom,agence,statut) values (?,?,?,?)
2017-04-25 16:11:44,865 -- INFO -- ERREUR : requête viole contrainte d'intégrité de la BDD : insert into Employe (nom,prenom,agence,statut) values (?,?,?,?)
2017-04-25 16:11:44,865 -- INFO -- ERREUR : requête viole contrainte d'intégrité de la BDD : insert into Employe (nom,prenom,agence,statut) values (?,?,?,?)
